<?xml version="1.0" encoding="UTF-8"?>
<testng-results skipped="0" failed="0" total="2" passed="2">
  <reporter-output>
  </reporter-output>
  <suite name="Default suite" duration-ms="14015" started-at="2017-07-19T06:39:08Z" finished-at="2017-07-19T06:39:22Z">
    <groups>
    </groups>
    <test name="Default test" duration-ms="14015" started-at="2017-07-19T06:39:08Z" finished-at="2017-07-19T06:39:22Z">
      <class name="framework.PageObjectModel">
        <test-method status="PASS" signature="beforeMethod()[pri:0, instance:framework.PageObjectModel@55d56113]" name="beforeMethod" is-config="true" duration-ms="21458" started-at="2017-07-19T12:08:47Z" finished-at="2017-07-19T12:09:08Z">
          <reporter-output>
          </reporter-output>
        </test-method> <!-- beforeMethod -->
        <test-method status="PASS" signature="loginTest()[pri:0, instance:framework.PageObjectModel@55d56113]" name="loginTest" duration-ms="7445" started-at="2017-07-19T12:09:08Z" finished-at="2017-07-19T12:09:16Z">
          <reporter-output>
          </reporter-output>
        </test-method> <!-- loginTest -->
        <test-method status="PASS" signature="myAccountTest()[pri:0, instance:framework.PageObjectModel@55d56113]" name="myAccountTest" duration-ms="6558" started-at="2017-07-19T12:09:16Z" finished-at="2017-07-19T12:09:22Z">
          <reporter-output>
          </reporter-output>
        </test-method> <!-- myAccountTest -->
        <test-method status="PASS" signature="afterMethod()[pri:0, instance:framework.PageObjectModel@55d56113]" name="afterMethod" is-config="true" duration-ms="160" started-at="2017-07-19T12:09:27Z" finished-at="2017-07-19T12:09:27Z">
          <reporter-output>
          </reporter-output>
        </test-method> <!-- afterMethod -->
      </class> <!-- framework.PageObjectModel -->
    </test> <!-- Default test -->
  </suite> <!-- Default suite -->
</testng-results>
