<?xml version="1.0" encoding="UTF-8"?>
<testng-results skipped="0" failed="0" total="1" passed="1">
  <reporter-output>
  </reporter-output>
  <suite name="Default suite" duration-ms="33072" started-at="2017-07-07T11:34:54Z" finished-at="2017-07-07T11:35:27Z">
    <groups>
    </groups>
    <test name="Default test" duration-ms="33072" started-at="2017-07-07T11:34:54Z" finished-at="2017-07-07T11:35:27Z">
      <class name="framework.PageObjectModel">
        <test-method status="PASS" signature="beforeMethod()[pri:0, instance:framework.PageObjectModel@ff5b51f]" name="beforeMethod" is-config="true" duration-ms="25358" started-at="2017-07-07T17:04:54Z" finished-at="2017-07-07T17:05:20Z">
          <reporter-output>
          </reporter-output>
        </test-method> <!-- beforeMethod -->
        <test-method status="PASS" signature="main()[pri:0, instance:framework.PageObjectModel@ff5b51f]" name="main" duration-ms="7597" started-at="2017-07-07T17:05:20Z" finished-at="2017-07-07T17:05:27Z">
          <reporter-output>
          </reporter-output>
        </test-method> <!-- main -->
        <test-method status="PASS" signature="afterMethod()[pri:0, instance:framework.PageObjectModel@ff5b51f]" name="afterMethod" is-config="true" duration-ms="97" started-at="2017-07-07T17:05:27Z" finished-at="2017-07-07T17:05:27Z">
          <reporter-output>
          </reporter-output>
        </test-method> <!-- afterMethod -->
      </class> <!-- framework.PageObjectModel -->
    </test> <!-- Default test -->
  </suite> <!-- Default suite -->
</testng-results>
